16-Jul-2015 00:55:06	Web-Connector in HTTP mode running on port 7074
16-Jul-2015 01:13:37	Web-Connector in HTTP mode running on port 7074
16-Jul-2015 01:16:37	 Error: Invocation request /preference/postUserProfile for unknown service method
16-Jul-2015 01:19:45	 Error: Invocation request /preference/postUserProfile for unknown service method
16-Jul-2015 01:22:08	Web-Connector in HTTP mode running on port 7074
16-Jul-2015 01:23:28	 Error: Invocation request /preference/postUserProfile for unknown service method
16-Jul-2015 01:25:02	Web-Connector in HTTP mode running on port 7074
16-Jul-2015 01:26:33	Web-Connector in HTTP mode running on port 7074
16-Jul-2015 01:32:51	Web-Connector in HTTP mode running on port 7074
16-Jul-2015 01:33:01	 Error: Invocation request /preference/postUserProfile/aarij for unknown service method
16-Jul-2015 01:34:11	Web-Connector in HTTP mode running on port 7074
16-Jul-2015 01:35:30	Web-Connector in HTTP mode running on port 7074
16-Jul-2015 01:42:37	Web-Connector in HTTP mode running on port 7074
16-Jul-2015 01:43:02	Web-Connector in HTTP mode running on port 7074
16-Jul-2015 01:43:39	 Error: Invocation request /preference/postUserProfile/aarij for unknown service method
16-Jul-2015 01:43:42	 Error: Invocation request /preference/postUserProfile/aarij for unknown service method
16-Jul-2015 01:45:34	Web-Connector in HTTP mode running on port 7074
16-Jul-2015 01:46:25	 Error: Invocation request /preference/postUserProfile/aarij for unknown service method
16-Jul-2015 01:49:32	Web-Connector in HTTP mode running on port 7074
16-Jul-2015 01:53:49	Web-Connector in HTTP mode running on port 7074
16-Jul-2015 01:54:26	Web-Connector in HTTP mode running on port 7074
16-Jul-2015 01:54:38	 Error: Invocation request /preference/postUserProfile for unknown service method
16-Jul-2015 12:46:40	Web-Connector in HTTP mode running on port 7074
16-Jul-2015 13:51:28	Web-Connector in HTTP mode running on port 7075
16-Jul-2015 14:08:37	 Error: Invocation request /favicon.ico for unknown service method
18-Jul-2015 12:29:12	Web-Connector in HTTP mode running on port 7075
18-Jul-2015 12:29:59	 Error: Exception while processing RMI: /preference
18-Jul-2015 12:38:37	Web-Connector in HTTP mode running on port 7075
18-Jul-2015 12:49:23	Web-Connector in HTTP mode running on port 7075
18-Jul-2015 14:26:55	Web-Connector in HTTP mode running on port 7075
18-Jul-2015 20:57:13	Web-Connector in HTTP mode running on port 7075
25-Jul-2015 15:51:50	Web-Connector in HTTP mode running on port 7075
26-Jul-2015 13:42:58	Web-Connector in HTTP mode running on port 7075
10-Aug-2015 12:44:22	Web-Connector in HTTP mode running on port 7075
Aug 16, 2015 2:23:53 PM	Web-Connector in HTTP mode running on port 7075
Aug 18, 2015 12:31:49 AM	Web-Connector in HTTP mode running on port 7075
Aug 18, 2015 1:10:11 AM	Web-Connector in HTTP mode running on port 7075
Aug 19, 2015 10:39:11 PM	Web-Connector in HTTP mode running on port 7075
Aug 23, 2015 4:51:55 PM	Web-Connector in HTTP mode running on port 7075
Aug 24, 2015 1:13:34 AM	Web-Connector in HTTP mode running on port 7075
Aug 24, 2015 1:59:24 PM	Web-Connector in HTTP mode running on port 7075
Aug 26, 2015 2:39:36 PM	Web-Connector in HTTP mode running on port 7075
Aug 27, 2015 4:20:43 PM	Web-Connector in HTTP mode running on port 7075
Aug 27, 2015 4:56:13 PM	Web-Connector in HTTP mode running on port 7075
Aug 27, 2015 5:33:06 PM	 Error: Invocation request /favicon.ico for unknown service method
Aug 31, 2015 12:30:58 PM	Web-Connector in HTTP mode running on port 7075
Aug 31, 2015 12:44:36 PM	 Error: Exception while processing RMI: /preference
Aug 31, 2015 12:48:46 PM	 Error: Exception while processing RMI: /preference
Aug 31, 2015 12:51:13 PM	 Error: Exception while processing RMI: /preference
Aug 31, 2015 1:01:04 PM	 Error: Exception while processing RMI: /preference
Aug 31, 2015 1:01:33 PM	 Error: Exception while processing RMI: /preference
Aug 31, 2015 1:02:19 PM	 Error: Exception while processing RMI: /preference
Aug 31, 2015 1:03:29 PM	 Error: Exception while processing RMI: /preference
Aug 31, 2015 1:03:39 PM	 Error: Exception while processing RMI: /preference
Aug 31, 2015 1:03:45 PM	 Error: Exception while processing RMI: /preference
Aug 31, 2015 1:03:51 PM	 Error: Exception while processing RMI: /preference
Aug 31, 2015 1:03:56 PM	 Error: Exception while processing RMI: /preference
Aug 31, 2015 1:32:47 PM	Web-Connector in HTTP mode running on port 7075
Aug 31, 2015 1:40:09 PM	Web-Connector in HTTP mode running on port 7075
Aug 31, 2015 4:25:52 PM	Web-Connector in HTTP mode running on port 7075
Aug 31, 2015 9:34:35 PM	Web-Connector in HTTP mode running on port 7075
Aug 31, 2015 9:46:11 PM	Web-Connector in HTTP mode running on port 7075
Aug 31, 2015 10:11:05 PM	Web-Connector in HTTP mode running on port 7075
Aug 31, 2015 10:17:58 PM	Web-Connector in HTTP mode running on port 7075
Aug 31, 2015 10:21:47 PM	Web-Connector in HTTP mode running on port 7075
Aug 31, 2015 10:30:41 PM	Web-Connector in HTTP mode running on port 7075
Aug 31, 2015 10:33:06 PM	Web-Connector in HTTP mode running on port 7075
Aug 31, 2015 10:42:58 PM	Web-Connector in HTTP mode running on port 7075
Sep 2, 2015 8:45:45 AM	Web-Connector in HTTP mode running on port 7075
Sep 3, 2015 2:30:30 PM	Web-Connector in HTTP mode running on port 7075
Sep 6, 2015 8:29:44 PM	Web-Connector in HTTP mode running on port 7075
Sep 6, 2015 8:59:38 PM	Web-Connector in HTTP mode running on port 7075
Sep 6, 2015 9:23:21 PM	Web-Connector in HTTP mode running on port 7075
Sep 6, 2015 9:23:31 PM	 Error: Exception while processing RMI: /preference
Sep 6, 2015 9:24:30 PM	 Error: Exception while processing RMI: /preference
Sep 6, 2015 9:39:28 PM	Web-Connector in HTTP mode running on port 7075
Sep 6, 2015 9:41:12 PM	 Error: Exception while processing RMI: /preference
Sep 6, 2015 9:41:45 PM	 Error: Exception while processing RMI: /preference
Sep 7, 2015 2:37:55 PM	Web-Connector in HTTP mode running on port 7075
Sep 7, 2015 4:50:42 PM	Web-Connector in HTTP mode running on port 7075
